TN:
SF:src\core\application\use-cases\user.use-case.ts
FN:9,<instance_members_initializer>
FN:12,create
FN:22,getById
FN:26,update
FNDA:14,<instance_members_initializer>
FNDA:4,create
FNDA:3,getById
FNDA:7,update
FNF:4
FNH:4
BRDA:1,0,0,1
BRDA:9,1,0,14
BRDA:12,2,0,4
BRDA:15,3,0,1
BRDA:17,4,0,3
BRDA:22,5,0,3
BRDA:26,6,0,7
BRDA:27,7,0,4
BRDA:27,8,0,2
BRDA:29,9,0,5
BRDA:33,10,0,1
BRDA:35,11,0,4
BRF:12
BRH:12
DA:1,1
DA:2,1
DA:3,1
DA:4,1
DA:5,1
DA:6,1
DA:7,1
DA:8,1
DA:9,1
DA:10,14
DA:11,14
DA:12,14
DA:13,4
DA:14,4
DA:15,4
DA:16,1
DA:17,1
DA:18,3
DA:19,4
DA:20,4
DA:21,14
DA:22,14
DA:23,3
DA:24,3
DA:25,14
DA:26,14
DA:27,7
DA:28,2
DA:29,2
DA:30,5
DA:31,5
DA:32,5
DA:33,7
DA:34,1
DA:35,1
DA:36,4
DA:37,7
DA:38,7
DA:39,14
LH:39
LF:39
end_of_record
SF:src\core\domain\entities\user.entity.ts
FN:1,anonymous_0
FN:6,<instance_members_initializer>
FN:19,User
FN:38,checkOwnership
FN:42,isAdmin
FNDA:3,anonymous_0
FNDA:17,<instance_members_initializer>
FNDA:17,User
FNDA:4,checkOwnership
FNDA:7,isAdmin
FNF:5
FNH:5
BRDA:1,0,0,3
BRDA:1,1,0,3
BRDA:6,2,0,17
BRDA:19,3,0,17
BRDA:38,4,0,4
BRDA:42,5,0,7
BRF:6
BRH:6
DA:1,3
DA:2,3
DA:3,3
DA:4,3
DA:5,3
DA:6,3
DA:7,17
DA:8,17
DA:9,17
DA:10,17
DA:11,17
DA:12,17
DA:13,17
DA:14,17
DA:15,17
DA:16,17
DA:17,17
DA:18,17
DA:19,17
DA:20,17
DA:21,17
DA:22,17
DA:23,17
DA:24,17
DA:25,17
DA:26,17
DA:27,17
DA:28,17
DA:29,17
DA:30,17
DA:31,17
DA:32,17
DA:33,17
DA:34,17
DA:35,17
DA:36,17
DA:37,17
DA:38,17
DA:39,4
DA:40,4
DA:41,17
DA:42,17
DA:43,7
DA:44,7
DA:45,17
LH:45
LF:45
end_of_record
SF:src\core\domain\enums\error-codes.enum.ts
FN:1,anonymous_0
FNDA:3,anonymous_0
FNF:1
FNH:1
BRDA:1,0,0,3
BRDA:1,1,0,3
BRF:2
BRH:2
DA:1,3
DA:2,3
DA:3,3
DA:4,3
DA:5,3
DA:6,3
DA:7,3
DA:8,3
DA:9,3
DA:10,3
DA:11,3
DA:12,3
DA:13,3
DA:14,3
DA:15,3
DA:16,3
DA:17,3
DA:18,3
DA:19,3
DA:20,3
DA:21,3
DA:22,3
DA:23,3
DA:24,3
DA:25,3
DA:26,3
DA:27,3
DA:28,3
DA:29,3
DA:30,3
DA:31,3
DA:32,3
DA:33,3
DA:34,3
DA:35,3
DA:36,3
DA:37,3
LH:37
LF:37
end_of_record
SF:src\core\domain\enums\index.ts
FNF:0
FNH:0
BRDA:1,0,0,1
BRF:1
BRH:1
DA:1,1
LH:1
LF:1
end_of_record
SF:src\core\domain\handlers\commands\update-user.command.ts
FN:12,<instance_members_initializer>
FN:15,execute
FNDA:15,<instance_members_initializer>
FNDA:1,execute
FNF:2
FNH:2
BRDA:1,0,0,1
BRDA:12,1,0,15
BRDA:15,2,0,1
BRF:3
BRH:3
DA:1,1
DA:2,1
DA:3,1
DA:4,1
DA:5,1
DA:6,1
DA:7,1
DA:8,1
DA:9,1
DA:10,1
DA:11,1
DA:12,1
DA:13,15
DA:14,15
DA:15,15
DA:16,1
DA:17,1
DA:18,1
DA:19,1
DA:20,15
LH:20
LF:20
end_of_record
SF:src\core\domain\handlers\queries\get-user-by-id.query.ts
FN:8,<instance_members_initializer>
FN:11,execute
FNDA:15,<instance_members_initializer>
FNDA:2,execute
FNF:2
FNH:2
BRDA:1,0,0,1
BRDA:8,1,0,15
BRDA:11,2,0,2
BRF:3
BRH:3
DA:1,1
DA:2,1
DA:3,1
DA:4,1
DA:5,1
DA:6,1
DA:7,1
DA:8,1
DA:9,15
DA:10,15
DA:11,15
DA:12,2
DA:13,2
DA:14,15
LH:14
LF:14
end_of_record
SF:src\core\domain\interfaces\user.repository.ts
FNF:0
FNH:0
BRDA:1,0,0,1
BRF:1
BRH:1
DA:1,1
DA:2,1
DA:3,1
DA:4,1
DA:5,1
DA:6,1
DA:7,1
DA:8,1
DA:9,1
DA:10,1
DA:11,1
DA:12,1
LH:12
LF:12
end_of_record
SF:src\core\domain\use-cases\user.use-case.contract.ts
FNF:0
FNH:0
BRDA:1,0,0,1
BRF:1
BRH:1
DA:1,1
DA:2,1
DA:3,1
DA:4,1
DA:5,1
DA:6,1
DA:7,1
DA:8,1
DA:9,1
DA:10,1
LH:10
LF:10
end_of_record
SF:src\core\infrastructure\guards\auth.guard.ts
FN:11,authMiddleware
FNDA:2,authMiddleware
FNF:1
FNH:1
BRDA:2,0,0,2
BRDA:11,1,0,2
BRDA:13,2,0,1
BRF:3
BRH:3
DA:1,0
DA:2,2
DA:3,2
DA:4,2
DA:5,2
DA:6,2
DA:7,2
DA:8,2
DA:9,2
DA:10,2
DA:11,2
DA:12,2
DA:13,2
DA:14,1
DA:15,1
DA:16,1
DA:17,1
DA:18,1
DA:19,2
LH:18
LF:19
end_of_record
SF:src\di\di-manager.ts
FN:1,<instance_members_initializer>
FN:2,SymbolRef
FN:25,<instance_members_initializer>
FN:28,#addProvider
FN:44,addProviders
FN:50,inject
FN:62,reset
FN:72,inject
FN:77,addProviders
FN:82,resetProviders
FNDA:5,<instance_members_initializer>
FNDA:5,SymbolRef
FNDA:4,<instance_members_initializer>
FNDA:46,#addProvider
FNDA:32,addProviders
FNDA:65,inject
FNDA:34,reset
FNDA:65,inject
FNDA:32,addProviders
FNDA:34,resetProviders
FNF:10
FNH:10
BRDA:1,0,0,4
BRDA:1,1,0,5
BRDA:2,2,0,5
BRDA:25,3,0,4
BRDA:28,4,0,46
BRDA:31,5,0,14
BRDA:31,6,0,1
BRDA:33,7,0,2
BRDA:33,8,0,1
BRDA:37,9,0,0
BRDA:44,10,0,32
BRDA:45,11,0,28
BRDA:50,12,0,65
BRDA:55,13,0,1
BRDA:53,14,0,0
BRDA:53,15,0,0
BRDA:55,16,0,1
BRDA:57,17,0,3
BRDA:62,18,0,34
BRDA:72,19,0,65
BRDA:77,20,0,32
BRDA:82,21,0,34
BRF:22
BRH:19
DA:1,4
DA:2,5
DA:3,5
DA:4,4
DA:5,4
DA:6,4
DA:7,4
DA:8,4
DA:9,4
DA:10,4
DA:11,4
DA:12,4
DA:13,4
DA:14,4
DA:15,4
DA:16,4
DA:17,4
DA:18,4
DA:19,4
DA:20,4
DA:21,4
DA:22,4
DA:23,4
DA:24,4
DA:25,4
DA:26,4
DA:27,4
DA:28,4
DA:29,46
DA:30,46
DA:31,46
DA:32,1
DA:33,14
DA:34,1
DA:35,1
DA:36,1
DA:37,1
DA:38,0
DA:39,0
DA:40,46
DA:41,46
DA:42,46
DA:43,4
DA:44,4
DA:45,32
DA:46,28
DA:47,28
DA:48,32
DA:49,4
DA:50,4
DA:51,65
DA:52,65
DA:53,65
DA:54,65
DA:55,65
DA:56,1
DA:57,1
DA:58,3
DA:59,65
DA:60,65
DA:61,4
DA:62,4
DA:63,34
DA:64,34
DA:65,4
DA:66,4
DA:67,4
DA:68,4
DA:69,4
DA:70,4
DA:71,4
DA:72,4
DA:73,4
DA:74,4
DA:75,4
DA:76,4
DA:77,4
DA:78,4
DA:79,4
DA:80,4
DA:81,4
DA:82,4
DA:83,4
DA:84,4
LH:82
LF:84
end_of_record
SF:src\di\fastify.provider.ts
FNF:0
FNH:0
BRDA:2,0,0,2
BRF:1
BRH:1
DA:1,0
DA:2,2
DA:3,2
DA:4,2
LH:3
LF:4
end_of_record
SF:src\presentation\controllers\base.controller.ts
FN:5,<instance_members_initializer>
FN:9,BaseController
FN:11,BaseController.fastify.register.prefix.prefix
FNDA:15,<instance_members_initializer>
FNDA:15,BaseController
FNDA:15,BaseController.fastify.register.prefix.prefix
FNF:3
FNH:3
BRDA:2,0,0,1
BRDA:5,1,0,15
BRDA:9,2,0,15
BRDA:11,3,0,15
BRF:4
BRH:4
DA:1,0
DA:2,1
DA:3,1
DA:4,1
DA:5,1
DA:6,15
DA:7,15
DA:8,15
DA:9,15
DA:10,15
DA:11,15
DA:12,15
DA:13,15
DA:14,15
DA:15,15
DA:16,15
DA:17,15
DA:18,15
DA:19,15
DA:20,15
LH:19
LF:20
end_of_record
SF:src\presentation\controllers\users\users.controller.ts
FN:8,<instance_members_initializer>
FN:12,UserController
FN:16,initRoutes
FN:27,getMe
FN:33,getUserById
FN:39,updateUser
FNDA:15,<instance_members_initializer>
FNDA:15,UserController
FNDA:15,initRoutes
FNDA:1,getMe
FNDA:1,getUserById
FNDA:1,updateUser
FNF:6
FNH:6
BRDA:2,0,0,1
BRDA:8,1,0,15
BRDA:12,2,0,15
BRDA:16,3,0,15
BRDA:27,4,0,1
BRDA:33,5,0,1
BRDA:39,6,0,1
BRF:7
BRH:7
DA:1,0
DA:2,1
DA:3,1
DA:4,1
DA:5,1
DA:6,1
DA:7,1
DA:8,1
DA:9,15
DA:10,15
DA:11,15
DA:12,15
DA:13,15
DA:14,15
DA:15,15
DA:16,15
DA:17,15
DA:18,15
DA:19,15
DA:20,15
DA:21,15
DA:22,15
DA:23,15
DA:24,15
DA:25,15
DA:26,15
DA:27,15
DA:28,1
DA:29,1
DA:30,1
DA:31,1
DA:32,15
DA:33,15
DA:34,1
DA:35,1
DA:36,1
DA:37,1
DA:38,15
DA:39,15
DA:40,1
DA:41,1
DA:42,1
DA:43,1
DA:44,1
DA:45,1
DA:46,1
DA:47,15
LH:46
LF:47
end_of_record
